<?xml version="1.0" encoding="UTF-8"?>
<testsuite xmlns:xsi="http://www.w3.org/2001/XMLSchema-instance" xsi:noNamespaceSchemaLocation="https://maven.apache.org/surefire/maven-surefire-plugin/xsd/surefire-test-report.xsd" name="DressesPageTest" time="21.018" tests="1" errors="1" skipped="0" failures="0">
  <properties>
[...]
</properties>
  <testcase name="DressesPageTest" classname="DressesPageTest" time="21.018">
    <error message="Could not start a new session. Possible causes are invalid address of the remote server or browser start-up failure.&#10;Build info: version: &apos;3.141.59&apos;, revision: &apos;e82be7d358&apos;, time: &apos;2018-11-14T08:17:03&apos;&#10;System info: host: &apos;DESKTOP-RIU7OQB&apos;, ip: &apos;192.168.100.25&apos;, os.name: &apos;Windows 10&apos;, os.arch: &apos;amd64&apos;, os.version: &apos;10.0&apos;, java.version: &apos;12.0.2&apos;&#10;selenide.remote: http://10.0.75.1:4444/wd/hub&#10;Driver info: driver.version: SelenideDriver&#10;selenide.url: http://automationpractice.com/index.php&#10;selenide.baseUrl: http://localhost:8080" type="org.openqa.selenium.remote.UnreachableBrowserException">org.openqa.selenium.remote.UnreachableBrowserException: 
Could not start a new session. Possible causes are invalid address of the remote server or browser start-up failure.
Build info: version: '3.141.59', revision: 'e82be7d358', time: '2018-11-14T08:17:03'
System info: host: 'DESKTOP-RIU7OQB', ip: '192.168.100.25', os.name: 'Windows 10', os.arch: 'amd64', os.version: '10.0', java.version: '12.0.2'
selenide.remote: http://10.0.75.1:4444/wd/hub
Driver info: driver.version: SelenideDriver
selenide.url: http://automationpractice.com/index.php
selenide.baseUrl: http://localhost:8080
Caused by: java.net.ConnectException: Failed to connect to /10.0.75.1:4444
Caused by: java.net.ConnectException: Connection timed out: connect
</error>
  </testcase>
</testsuite>